<?xml version="1.0" encoding="UTF-8"?>
<!-- Generated by org.testng.reporters.JUnitReportReporter -->
<testsuite hostname="DESKTOP-GUADMG8" failures="0" tests="1" name="OrganizationTest.ToCreateOrgTest" time="9.399" errors="0" timestamp="2025-06-26T12:33:18 IST" skipped="0">
  <testcase classname="OrganizationTest.ToCreateOrgTest" name="toCreateContactOrg_002" time="9.399"/>
</testsuite> <!-- OrganizationTest.ToCreateOrgTest -->
