<?xml version="1.0" encoding="UTF-8"?>
<!-- Generated by org.testng.reporters.JUnitReportReporter -->
<testsuite hostname="DESKTOP-GUADMG8" failures="0" tests="1" name="OrganizationTest.ToCreateOrgWithTypeTest" time="10.168" errors="0" timestamp="2025-06-26T12:33:18 IST" skipped="0">
  <testcase classname="OrganizationTest.ToCreateOrgWithTypeTest" name="toCreateOrgWithType_005" time="10.168"/>
</testsuite> <!-- OrganizationTest.ToCreateOrgWithTypeTest -->
