<?xml version="1.0" encoding="UTF-8"?>
<!-- Generated by org.testng.reporters.JUnitReportReporter -->
<testsuite hostname="DESKTOP-GUADMG8" failures="0" tests="1" name="ContactTest.ToCreateContactOrgTest" time="10.402" errors="0" timestamp="2025-06-26T12:33:18 IST" skipped="0">
  <testcase classname="ContactTest.ToCreateContactOrgTest" name="toCreateContact_003" time="10.402"/>
</testsuite> <!-- ContactTest.ToCreateContactOrgTest -->
