<?xml version="1.0" encoding="UTF-8"?>
<!-- Generated by org.testng.reporters.JUnitReportReporter -->
<testsuite hostname="DESKTOP-GUADMG8" failures="0" tests="1" name="OrganizationTest.ToCreateOrgWithIndustryTest" time="9.542" errors="0" timestamp="2025-06-26T12:33:17 IST" skipped="0">
  <testcase classname="OrganizationTest.ToCreateOrgWithIndustryTest" name="toCreateOrgwithIndustry_003" time="9.542"/>
</testsuite> <!-- OrganizationTest.ToCreateOrgWithIndustryTest -->
